Performing C++ SOURCE FILE Test CPP20_FLAG_BUILTIN failed with the following output:
Change Dir: /home/emre/github_repo/MinION/source/build/CMakeFiles/CMakeTmp

Run Build Command(s):/usr/bin/make cmTC_0d5af/fast && /usr/bin/make -f CMakeFiles/cmTC_0d5af.dir/build.make CMakeFiles/cmTC_0d5af.dir/build
make[1]: Entering directory '/home/emre/github_repo/MinION/source/build/CMakeFiles/CMakeTmp'
Building CXX object CMakeFiles/cmTC_0d5af.dir/src.cxx.o
/home/emre/miniconda3/envs/conda_gcc_env/bin/x86_64-conda-linux-gnu-c++   -I/home/emre/github_repo/MinION/source/build/_deps/seqan3_fetch_content-src/include -I/home/emre/github_repo/MinION/source/build/_deps/seqan3_fetch_content-src/submodules/sdsl-lite/include -I/home/emre/github_repo/MinION/source/build/_deps/seqan3_fetch_content-src/submodules/cereal/include  -fvisibility-inlines-hidden -fmessage-length=0 -march=nocona -mtune=haswell -ftree-vectorize -fPIC -fstack-protector-strong -fno-plt -O2 -ffunction-sections -pipe -isystem /home/emre/miniconda3/envs/conda_gcc_env/include -DCPP20_FLAG_BUILTIN -fvisibility-inlines-hidden -fmessage-length=0 -march=nocona -mtune=haswell -ftree-vectorize -fPIC -fstack-protector-strong -fno-plt -O2 -ffunction-sections -pipe -isystem /home/emre/miniconda3/envs/conda_gcc_env/include   -o CMakeFiles/cmTC_0d5af.dir/src.cxx.o -c /home/emre/github_repo/MinION/source/build/CMakeFiles/CMakeTmp/src.cxx
/home/emre/github_repo/MinION/source/build/CMakeFiles/CMakeTmp/src.cxx:2:8: error: #error NOCXX20
    2 |       #error NOCXX20
      |        ^~~~~
make[1]: *** [CMakeFiles/cmTC_0d5af.dir/build.make:66: CMakeFiles/cmTC_0d5af.dir/src.cxx.o] Error 1
make[1]: Leaving directory '/home/emre/github_repo/MinION/source/build/CMakeFiles/CMakeTmp'
make: *** [Makefile:121: cmTC_0d5af/fast] Error 2


Source file was:
#if !defined (__cplusplus) || (__cplusplus < 202002L)
      #error NOCXX20
      #endif
      int main() {}
Performing C++ SOURCE FILE Test CMAKE_HAVE_LIBC_PTHREAD failed with the following output:
Change Dir: /home/emre/github_repo/MinION/source/build/CMakeFiles/CMakeTmp

Run Build Command(s):/usr/bin/make cmTC_1ca1f/fast && /usr/bin/make -f CMakeFiles/cmTC_1ca1f.dir/build.make CMakeFiles/cmTC_1ca1f.dir/build
make[1]: Entering directory '/home/emre/github_repo/MinION/source/build/CMakeFiles/CMakeTmp'
Building CXX object CMakeFiles/cmTC_1ca1f.dir/src.cxx.o
/home/emre/miniconda3/envs/conda_gcc_env/bin/x86_64-conda-linux-gnu-c++   -I/home/emre/github_repo/MinION/source/build/_deps/seqan3_fetch_content-src/include -I/home/emre/github_repo/MinION/source/build/_deps/seqan3_fetch_content-src/submodules/sdsl-lite/include -I/home/emre/github_repo/MinION/source/build/_deps/seqan3_fetch_content-src/submodules/cereal/include  -fvisibility-inlines-hidden -fmessage-length=0 -march=nocona -mtune=haswell -ftree-vectorize -fPIC -fstack-protector-strong -fno-plt -O2 -ffunction-sections -pipe -isystem /home/emre/miniconda3/envs/conda_gcc_env/include -DCMAKE_HAVE_LIBC_PTHREAD -fvisibility-inlines-hidden -fmessage-length=0 -march=nocona -mtune=haswell -ftree-vectorize -fPIC -fstack-protector-strong -fno-plt -O2 -ffunction-sections -pipe -isystem /home/emre/miniconda3/envs/conda_gcc_env/include   -o CMakeFiles/cmTC_1ca1f.dir/src.cxx.o -c /home/emre/github_repo/MinION/source/build/CMakeFiles/CMakeTmp/src.cxx
Linking CXX executable cmTC_1ca1f
/usr/bin/cmake -E cmake_link_script CMakeFiles/cmTC_1ca1f.dir/link.txt --verbose=1
/home/emre/miniconda3/envs/conda_gcc_env/bin/x86_64-conda-linux-gnu-c++  -fvisibility-inlines-hidden -fmessage-length=0 -march=nocona -mtune=haswell -ftree-vectorize -fPIC -fstack-protector-strong -fno-plt -O2 -ffunction-sections -pipe -isystem /home/emre/miniconda3/envs/conda_gcc_env/include -DCMAKE_HAVE_LIBC_PTHREAD -fvisibility-inlines-hidden -fmessage-length=0 -march=nocona -mtune=haswell -ftree-vectorize -fPIC -fstack-protector-strong -fno-plt -O2 -ffunction-sections -pipe -isystem /home/emre/miniconda3/envs/conda_gcc_env/include  -Wl,-O2 -Wl,--sort-common -Wl,--as-needed -Wl,-z,relro -Wl,-z,now -Wl,--disable-new-dtags -Wl,--gc-sections -Wl,--allow-shlib-undefined -Wl,-rpath,/home/emre/miniconda3/envs/conda_gcc_env/lib -Wl,-rpath-link,/home/emre/miniconda3/envs/conda_gcc_env/lib -L/home/emre/miniconda3/envs/conda_gcc_env/lib  CMakeFiles/cmTC_1ca1f.dir/src.cxx.o  -o cmTC_1ca1f 
/home/emre/miniconda3/envs/conda_gcc_env/bin/../lib/gcc/x86_64-conda-linux-gnu/13.1.0/../../../../x86_64-conda-linux-gnu/bin/ld: CMakeFiles/cmTC_1ca1f.dir/src.cxx.o: in function `main':
src.cxx:(.text.startup.main+0x24): undefined reference to `pthread_create'
/home/emre/miniconda3/envs/conda_gcc_env/bin/../lib/gcc/x86_64-conda-linux-gnu/13.1.0/../../../../x86_64-conda-linux-gnu/bin/ld: src.cxx:(.text.startup.main+0x2e): undefined reference to `pthread_detach'
/home/emre/miniconda3/envs/conda_gcc_env/bin/../lib/gcc/x86_64-conda-linux-gnu/13.1.0/../../../../x86_64-conda-linux-gnu/bin/ld: src.cxx:(.text.startup.main+0x3a): undefined reference to `pthread_join'
/home/emre/miniconda3/envs/conda_gcc_env/bin/../lib/gcc/x86_64-conda-linux-gnu/13.1.0/../../../../x86_64-conda-linux-gnu/bin/ld: src.cxx:(.text.startup.main+0x46): undefined reference to `pthread_atfork'
collect2: error: ld returned 1 exit status
make[1]: *** [CMakeFiles/cmTC_1ca1f.dir/build.make:87: cmTC_1ca1f] Error 1
make[1]: Leaving directory '/home/emre/github_repo/MinION/source/build/CMakeFiles/CMakeTmp'
make: *** [Makefile:121: cmTC_1ca1f/fast] Error 2


Source file was:
#include <pthread.h>

void* test_func(void* data)
{
  return data;
}

int main(void)
{
  pthread_t thread;
  pthread_create(&thread, NULL, test_func, NULL);
  pthread_detach(thread);
  pthread_join(thread, NULL);
  pthread_atfork(NULL, NULL, NULL);
  pthread_exit(NULL);

  return 0;
}

